<?xml version="1.0" encoding="UTF-8"?>
<!-- Generated by org.testng.reporters.JUnitXMLReporter -->
<testsuite hostname="kukks-ThinkPad-T420" ignored="1" name="Dependency Test" tests="2" failures="1" timestamp="21 Jun 2017 17:15:07 GMT" time="0.009" errors="0">
  <testcase name="doUserReg" time="0.001" classname="testngLearning.TestCase3">
    <failure type="java.lang.AssertionError" message="User not Reg successfully">
      <![CDATA[java.lang.AssertionError: User not Reg successfully
	at testngLearning.TestCase3.doUserReg(TestCase3.java:12)
... Removed 26 stack frames]]>
    </failure>
  </testcase> <!-- doUserReg -->
  <testcase name="doLogin" time="0.0" classname="testngLearning.TestCase3">
    <skipped/>
  </testcase> <!-- doLogin -->
  <testcase name="isSkipped" time="0.0" classname="testngLearning.TestCase3">
    <ignored/>
  </testcase> <!-- isSkipped -->
</testsuite> <!-- Dependency Test -->
