<?xml version="1.0" encoding="UTF-8"?>
<!-- Generated by org.testng.reporters.JUnitXMLReporter -->
<testsuite hostname="kukks-ThinkPad-T420" ignored="0" name="Validate Title Test" tests="1" failures="1" timestamp="21 Jun 2017 17:15:07 GMT" time="0.008" errors="0">
  <testcase name="validateTitle" time="0.003" classname="testngLearning.TestCase2">
    <failure type="java.lang.AssertionError" message="Login not successful">
      <![CDATA[java.lang.AssertionError: Login not successful
	at testngLearning.TestCase2.validateTitle(TestCase2.java:22)
... Removed 26 stack frames]]>
    </failure>
  </testcase> <!-- validateTitle -->
</testsuite> <!-- Validate Title Test -->
