<?xml version="1.0" encoding="UTF-8"?>
<!-- Generated by org.testng.reporters.JUnitXMLReporter -->
<testsuite hostname="kukks-ThinkPad-T420" ignored="0" name="Dependency Test(failed)" tests="3" failures="1" timestamp="21 Jun 2017 10:50:33 GMT" time="0.073" errors="0">
  <testcase name="isSkipped" time="0.007" classname="testngLearning.TestCase3">
    <skipped/>
  </testcase> <!-- isSkipped -->
  <testcase name="doUserReg" time="0.002" classname="testngLearning.TestCase3">
    <failure type="java.lang.AssertionError" message="User not Reg successfully">
      <![CDATA[java.lang.AssertionError: User not Reg successfully
	at testngLearning.TestCase3.doUserReg(TestCase3.java:12)
... Removed 26 stack frames]]>
    </failure>
  </testcase> <!-- doUserReg -->
  <testcase name="doLogin" time="0.0" classname="testngLearning.TestCase3">
    <skipped/>
  </testcase> <!-- doLogin -->
</testsuite> <!-- Dependency Test(failed) -->
